{"name": "test_right_way", "status": "broken", "statusDetails": {"message": "selenium.common.exceptions.TimeoutException: Message:", "trace": "tests\\test_shop.py:89: in test_right_way\n    WebDriverWait(browser, timeout=10, poll_frequency=1).until(\n        browser    = <selenium.webdriver.chrome.webdriver.WebDriver (session=\"44ed5df1325023f2cd3a76c9daadea51\")>\n        cart_is_visible = 'block'\n        product    = <selenium.webdriver.remote.webelement.WebElement (session=\"44ed5df1325023f2cd3a76c9daadea51\", element=\"8bd79785-b422-4999-bce6-dd5f921e1a3c\")>\n..\\..\\..\\AppData\\Local\\Programs\\Python\\Python310\\lib\\site-packages\\selenium\\webdriver\\support\\wait.py:90: in until\n    raise TimeoutException(message, screen, stacktrace)\nE   selenium.common.exceptions.TimeoutException: Message:\n        end_time   = 311563.375\n        message    = ''\n        method     = <function url_to_be.<locals>._predicate at 0x0000027E30510940>\n        screen     = None\n        self       = <selenium.webdriver.support.wait.WebDriverWait (session=\"44ed5df1325023f2cd3a76c9daadea51\")>\n        stacktrace = None\n        value      = False"}, "description": "\n    Test case TC-4\n    ", "start": 1666334896797, "stop": 1666334912796, "uuid": "918853a4-7ffb-4b8f-9d11-1d21bc2bcd5e", "historyId": "832350b147fac251f172289a626c5cba", "testCaseId": "7b8323124234f69a8fde1e3de50f452e", "fullName": "tests.test_shop#test_right_way", "labels": [{"name": "parentSuite", "value": "tests"}, {"name": "suite", "value": "test_shop"}, {"name": "host", "value": "DESKTOP-LR61NM1"}, {"name": "thread", "value": "11396-MainThread"}, {"name": "framework", "value": "pytest"}, {"name": "language", "value": "cpython3"}, {"name": "package", "value": "tests.test_shop"}]}