{"name": "test_right_way", "status": "broken", "statusDetails": {"message": "selenium.common.exceptions.TimeoutException: Message:", "trace": "tests\\test_shop.py:89: in test_right_way\n    WebDriverWait(browser, timeout=10, poll_frequency=1).until(\n        browser    = <selenium.webdriver.chrome.webdriver.WebDriver (session=\"67deae4eac198b651f5c90bec822a8cd\")>\n        cart_is_visible = 'block'\n        product    = <selenium.webdriver.remote.webelement.WebElement (session=\"67deae4eac198b651f5c90bec822a8cd\", element=\"d6e611d8-28dc-4cb8-91cf-a14ef63416c8\")>\n..\\..\\..\\AppData\\Local\\Programs\\Python\\Python310\\lib\\site-packages\\selenium\\webdriver\\support\\wait.py:90: in until\n    raise TimeoutException(message, screen, stacktrace)\nE   selenium.common.exceptions.TimeoutException: Message:\n        end_time   = 499593.765\n        message    = ''\n        method     = <function url_to_be.<locals>._predicate at 0x0000014E4A973D00>\n        screen     = None\n        self       = <selenium.webdriver.support.wait.WebDriverWait (session=\"67deae4eac198b651f5c90bec822a8cd\")>\n        stacktrace = None\n        value      = False"}, "description": "\n    Test case TC-4\n    ", "start": 1666522920370, "stop": 1666522940936, "uuid": "f6a2b0e9-3c5f-4886-8c72-757aa075c2fd", "historyId": "832350b147fac251f172289a626c5cba", "testCaseId": "7b8323124234f69a8fde1e3de50f452e", "fullName": "tests.test_shop#test_right_way", "labels": [{"name": "parentSuite", "value": "tests"}, {"name": "suite", "value": "test_shop"}, {"name": "host", "value": "DESKTOP-LR61NM1"}, {"name": "thread", "value": "16984-MainThread"}, {"name": "framework", "value": "pytest"}, {"name": "language", "value": "cpython3"}, {"name": "package", "value": "tests.test_shop"}]}