{"name": "test_right_way", "status": "broken", "statusDetails": {"message": "selenium.common.exceptions.TimeoutException: Message:", "trace": "tests\\test_shop.py:89: in test_right_way\n    WebDriverWait(browser, timeout=10, poll_frequency=1).until(\n        browser    = <selenium.webdriver.chrome.webdriver.WebDriver (session=\"6c000d087f50f2b475b74b7e88ad462d\")>\n        cart_is_visible = 'block'\n        product    = <selenium.webdriver.remote.webelement.WebElement (session=\"6c000d087f50f2b475b74b7e88ad462d\", element=\"5c180b40-2118-477e-9c02-87b80782bcc0\")>\n..\\..\\..\\AppData\\Local\\Programs\\Python\\Python310\\lib\\site-packages\\selenium\\webdriver\\support\\wait.py:90: in until\n    raise TimeoutException(message, screen, stacktrace)\nE   selenium.common.exceptions.TimeoutException: Message:\n        end_time   = 499206.625\n        message    = ''\n        method     = <function url_to_be.<locals>._predicate at 0x0000020447B413F0>\n        screen     = None\n        self       = <selenium.webdriver.support.wait.WebDriverWait (session=\"6c000d087f50f2b475b74b7e88ad462d\")>\n        stacktrace = None\n        value      = False"}, "description": "\n    Test case TC-4\n    ", "start": 1666522534163, "stop": 1666522553799, "uuid": "95faca03-cd61-45b1-875e-1476c863c526", "historyId": "832350b147fac251f172289a626c5cba", "testCaseId": "7b8323124234f69a8fde1e3de50f452e", "fullName": "tests.test_shop#test_right_way", "labels": [{"name": "parentSuite", "value": "tests"}, {"name": "suite", "value": "test_shop"}, {"name": "host", "value": "DESKTOP-LR61NM1"}, {"name": "thread", "value": "20432-MainThread"}, {"name": "framework", "value": "pytest"}, {"name": "language", "value": "cpython3"}, {"name": "package", "value": "tests.test_shop"}]}