{"name": "test_products_group", "status": "skipped", "statusDetails": {"message": "XFAIL Wait for fix bug\n\nselenium.common.exceptions.ElementClickInterceptedException: Message: element click intercepted: Element <a href=\"https://test.qa.studio?products_group=sale\" class=\"tab-sale \">...</a> is not clickable at point (708, 694). Other element would receive the click: <div class=\"catalog-toolbar-tabs__content\">...</div>\n  (Session info: chrome=105.0.5195.102)\nStacktrace:\nBacktrace:\n\tOrdinal0 [0x0027DF13+2219795]\n\tOrdinal0 [0x00212841+1779777]\n\tOrdinal0 [0x0012423D+803389]\n\tOrdinal0 [0x001599D4+1022420]\n\tOrdinal0 [0x001578C4+1013956]\n\tOrdinal0 [0x001554AB+1004715]\n\tOrdinal0 [0x00154117+999703]\n\tOrdinal0 [0x00149B76+957302]\n\tOrdinal0 [0x0016E7FC+1107964]\n\tOrdinal0 [0x001494B4+955572]\n\tOrdinal0 [0x0016EA14+1108500]\n\tOrdinal0 [0x0017F192+1175954]\n\tOrdinal0 [0x0016E616+1107478]\n\tOrdinal0 [0x00147F89+950153]\n\tOrdinal0 [0x00148F56+954198]\n\tGetHandleVerifier [0x00572CB2+3040210]\n\tGetHandleVerifier [0x00562BB4+2974420]\n\tGetHandleVerifier [0x00316A0A+565546]\n\tGetHandleVerifier [0x00315680+560544]\n\tOrdinal0 [0x00219A5C+1808988]\n\tOrdinal0 [0x0021E3A8+1827752]\n\tOrdinal0 [0x0021E495+1827989]\n\tOrdinal0 [0x002280A4+1867940]\n\tBaseThreadInitThunk [0x76ECFA29+25]\n\tRtlGetAppContainerNamedObjectPath [0x77327BBE+286]\n\tRtlGetAppContainerNamedObjectPath [0x77327B8E+238]\n\t(No symbol) [0x00000000]", "trace": "tests\\test_shop.py:47: in test_products_group\n    element.click()\n        browser    = <selenium.webdriver.chrome.webdriver.WebDriver (session=\"44ed5df1325023f2cd3a76c9daadea51\")>\n        element    = <selenium.webdriver.remote.webelement.WebElement (session=\"44ed5df1325023f2cd3a76c9daadea51\", element=\"69497488-a221-4805-b847-c166ad2e4216\")>\n        elements   = [<selenium.webdriver.remote.webelement.WebElement (session=\"44ed5df1325023f2cd3a76c9daadea51\", element=\"0e6b933f-32e7-...te.webelement.WebElement (session=\"44ed5df1325023f2cd3a76c9daadea51\", element=\"b01795ba-1fa6-4b9c-b140-37ca3619fc1c\")>]\n        expected_menu = [('Все', '', \"[class='tab-all active']\"), ('Бестселлеры', '/?products_group=best_sellers', \"[class='tab-best_sellers '... '/?products_group=new', \"[class='tab-new ']\"), ('Распродажа товаров', '/?products_group=sale', \"[class='tab-sale ']\")]\n        item       = ('Распродажа товаров', '/?products_group=sale', \"[class='tab-sale ']\")\n        menu_element = \"[class='catalog-toolbar-tabs__content'] a\"\n..\\..\\..\\AppData\\Local\\Programs\\Python\\Python310\\lib\\site-packages\\selenium\\webdriver\\remote\\webelement.py:88: in click\n    self._execute(Command.CLICK_ELEMENT)\n        self       = <selenium.webdriver.remote.webelement.WebElement (session=\"44ed5df1325023f2cd3a76c9daadea51\", element=\"69497488-a221-4805-b847-c166ad2e4216\")>\n..\\..\\..\\AppData\\Local\\Programs\\Python\\Python310\\lib\\site-packages\\selenium\\webdriver\\remote\\webelement.py:396: in _execute\n    return self._parent.execute(command, params)\n        command    = 'clickElement'\n        params     = {'id': '69497488-a221-4805-b847-c166ad2e4216', 'sessionId': '44ed5df1325023f2cd3a76c9daadea51'}\n        self       = <selenium.webdriver.remote.webelement.WebElement (session=\"44ed5df1325023f2cd3a76c9daadea51\", element=\"69497488-a221-4805-b847-c166ad2e4216\")>\n..\\..\\..\\AppData\\Local\\Programs\\Python\\Python310\\lib\\site-packages\\selenium\\webdriver\\remote\\webdriver.py:429: in execute\n    self.error_handler.check_response(response)\n        driver_command = 'clickElement'\n        params     = {'id': '69497488-a221-4805-b847-c166ad2e4216'}\n        response   = {'status': 400, 'value': '{\"value\":{\"error\":\"element click intercepted\",\"message\":\"element click intercepted: Element ...jectPath [0x77327BBE+286]\\\\n\\\\tRtlGetAppContainerNamedObjectPath [0x77327B8E+238]\\\\n\\\\t(No symbol) [0x00000000]\\\\n\"}}'}\n        self       = <selenium.webdriver.chrome.webdriver.WebDriver (session=\"44ed5df1325023f2cd3a76c9daadea51\")>\n..\\..\\..\\AppData\\Local\\Programs\\Python\\Python310\\lib\\site-packages\\selenium\\webdriver\\remote\\errorhandler.py:243: in check_response\n    raise exception_class(message, screen, stacktrace)\nE   selenium.common.exceptions.ElementClickInterceptedException: Message: element click intercepted: Element <a href=\"https://test.qa.studio?products_group=sale\" class=\"tab-sale \">...</a> is not clickable at point (708, 694). Other element would receive the click: <div class=\"catalog-toolbar-tabs__content\">...</div>\nE     (Session info: chrome=105.0.5195.102)\nE   Stacktrace:\nE   Backtrace:\nE   \tOrdinal0 [0x0027DF13+2219795]\nE   \tOrdinal0 [0x00212841+1779777]\nE   \tOrdinal0 [0x0012423D+803389]\nE   \tOrdinal0 [0x001599D4+1022420]\nE   \tOrdinal0 [0x001578C4+1013956]\nE   \tOrdinal0 [0x001554AB+1004715]\nE   \tOrdinal0 [0x00154117+999703]\nE   \tOrdinal0 [0x00149B76+957302]\nE   \tOrdinal0 [0x0016E7FC+1107964]\nE   \tOrdinal0 [0x001494B4+955572]\nE   \tOrdinal0 [0x0016EA14+1108500]\nE   \tOrdinal0 [0x0017F192+1175954]\nE   \tOrdinal0 [0x0016E616+1107478]\nE   \tOrdinal0 [0x00147F89+950153]\nE   \tOrdinal0 [0x00148F56+954198]\nE   \tGetHandleVerifier [0x00572CB2+3040210]\nE   \tGetHandleVerifier [0x00562BB4+2974420]\nE   \tGetHandleVerifier [0x00316A0A+565546]\nE   \tGetHandleVerifier [0x00315680+560544]\nE   \tOrdinal0 [0x00219A5C+1808988]\nE   \tOrdinal0 [0x0021E3A8+1827752]\nE   \tOrdinal0 [0x0021E495+1827989]\nE   \tOrdinal0 [0x002280A4+1867940]\nE   \tBaseThreadInitThunk [0x76ECFA29+25]\nE   \tRtlGetAppContainerNamedObjectPath [0x77327BBE+286]\nE   \tRtlGetAppContainerNamedObjectPath [0x77327B8E+238]\nE   \t(No symbol) [0x00000000]\n        exception_class = <class 'selenium.common.exceptions.ElementClickInterceptedException'>\n        json       = <module 'json' from 'C:\\\\Users\\\\Dom\\\\AppData\\\\Local\\\\Programs\\\\Python\\\\Python310\\\\lib\\\\json\\\\__init__.py'>\n        message    = 'element click intercepted: Element <a href=\"https://test.qa.studio?products_group=sale\" class=\"tab-sale \">...</a> is ...would receive the click: <div class=\"catalog-toolbar-tabs__content\">...</div>\\n  (Session info: chrome=105.0.5195.102)'\n        response   = {'status': 400, 'value': '{\"value\":{\"error\":\"element click intercepted\",\"message\":\"element click intercepted: Element ...jectPath [0x77327BBE+286]\\\\n\\\\tRtlGetAppContainerNamedObjectPath [0x77327B8E+238]\\\\n\\\\t(No symbol) [0x00000000]\\\\n\"}}'}\n        screen     = None\n        self       = <selenium.webdriver.remote.errorhandler.ErrorHandler object at 0x0000027E30297B20>\n        st_value   = 'Backtrace:\\n\\tOrdinal0 [0x0027DF13+2219795]\\n\\tOrdinal0 [0x00212841+1779777]\\n\\tOrdinal0 [0x0012423D+803389]\\n\\tOrdin...erNamedObjectPath [0x77327BBE+286]\\n\\tRtlGetAppContainerNamedObjectPath [0x77327B8E+238]\\n\\t(No symbol) [0x00000000]\\n'\n        stacktrace = ['Backtrace:', '\\tOrdinal0 [0x0027DF13+2219795]', '\\tOrdinal0 [0x00212841+1779777]', '\\tOrdinal0 [0x0012423D+803389]', '\\tOrdinal0 [0x001599D4+1022420]', '\\tOrdinal0 [0x001578C4+1013956]', ...]\n        status     = 'element click intercepted'\n        value      = {'error': 'element click intercepted', 'message': 'element click intercepted: Element <a href=\"https://test.qa.studio?...rNamedObjectPath [0x77327BBE+286]\\n\\tRtlGetAppContainerNamedObjectPath [0x77327B8E+238]\\n\\t(No symbol) [0x00000000]\\n'}\n        value_json = '{\"value\":{\"error\":\"element click intercepted\",\"message\":\"element click intercepted: Element \\\\u003Ca href=\\\\\"https://...bjectPath [0x77327BBE+286]\\\\n\\\\tRtlGetAppContainerNamedObjectPath [0x77327B8E+238]\\\\n\\\\t(No symbol) [0x00000000]\\\\n\"}}'"}, "description": "\n    Test case TC-2\n    ", "start": 1666334889373, "stop": 1666334893998, "uuid": "e9e50513-4d87-453d-bca0-06654a858b05", "historyId": "09ac6b905e7ac66417c95d86a058a7ca", "testCaseId": "4fdd6adba16e950b161eae73ef4ccb14", "fullName": "tests.test_shop#test_products_group", "labels": [{"name": "tag", "value": "@pytest.mark.xfail(reason='Wait for fix bug')"}, {"name": "parentSuite", "value": "tests"}, {"name": "suite", "value": "test_shop"}, {"name": "host", "value": "DESKTOP-LR61NM1"}, {"name": "thread", "value": "11396-MainThread"}, {"name": "framework", "value": "pytest"}, {"name": "language", "value": "cpython3"}, {"name": "package", "value": "tests.test_shop"}]}